<?xml version="1.0" encoding="UTF-8"?>
<testsuite xmlns:xsi="http://www.w3.org/2001/XMLSchema-instance" xsi:noNamespaceSchemaLocation="https://maven.apache.org/surefire/maven-surefire-plugin/xsd/surefire-test-report.xsd" name="com.xxxx.crm.dao.PermissionMapperTest" time="0.029" tests="1" errors="1" skipped="0" failures="0">
  <properties>
    <property name="sun.desktop" value="windows"/>
    <property name="awt.toolkit" value="sun.awt.windows.WToolkit"/>
    <property name="file.encoding.pkg" value="sun.io"/>
    <property name="java.specification.version" value="1.8"/>
    <property name="sun.cpu.isalist" value="amd64"/>
    <property name="sun.jnu.encoding" value="GBK"/>
    <property name="java.class.path" value="F:\crm\002_code\crm\target\test-classes;F:\crm\002_code\crm\target\classes;D:\maven\apache-maven-3.6.0\repository\org\springframework\boot\spring-boot-starter-web\2.2.2.RELEASE\spring-boot-starter-web-2.2.2.RELEASE.jar;D:\maven\apache-maven-3.6.0\repository\org\springframework\boot\spring-boot-starter\2.2.2.RELEASE\spring-boot-starter-2.2.2.RELEASE.jar;D:\maven\apache-maven-3.6.0\repository\org\springframework\boot\spring-boot\2.2.2.RELEASE\spring-boot-2.2.2.RELEASE.jar;D:\maven\apache-maven-3.6.0\repository\org\springframework\boot\spring-boot-autoconfigure\2.2.2.RELEASE\spring-boot-autoconfigure-2.2.2.RELEASE.jar;D:\maven\apache-maven-3.6.0\repository\org\springframework\boot\spring-boot-starter-logging\2.2.2.RELEASE\spring-boot-starter-logging-2.2.2.RELEASE.jar;D:\maven\apache-maven-3.6.0\repository\ch\qos\logback\logback-classic\1.2.3\logback-classic-1.2.3.jar;D:\maven\apache-maven-3.6.0\repository\ch\qos\logback\logback-core\1.2.3\logback-core-1.2.3.jar;D:\maven\apache-maven-3.6.0\repository\org\apache\logging\log4j\log4j-to-slf4j\2.12.1\log4j-to-slf4j-2.12.1.jar;D:\maven\apache-maven-3.6.0\repository\org\apache\logging\log4j\log4j-api\2.12.1\log4j-api-2.12.1.jar;D:\maven\apache-maven-3.6.0\repository\org\slf4j\jul-to-slf4j\1.7.29\jul-to-slf4j-1.7.29.jar;D:\maven\apache-maven-3.6.0\repository\jakarta\annotation\jakarta.annotation-api\1.3.5\jakarta.annotation-api-1.3.5.jar;D:\maven\apache-maven-3.6.0\repository\org\yaml\snakeyaml\1.25\snakeyaml-1.25.jar;D:\maven\apache-maven-3.6.0\repository\org\springframework\boot\spring-boot-starter-json\2.2.2.RELEASE\spring-boot-starter-json-2.2.2.RELEASE.jar;D:\maven\apache-maven-3.6.0\repository\com\fasterxml\jackson\core\jackson-databind\2.10.1\jackson-databind-2.10.1.jar;D:\maven\apache-maven-3.6.0\repository\com\fasterxml\jackson\core\jackson-annotations\2.10.1\jackson-annotations-2.10.1.jar;D:\maven\apache-maven-3.6.0\repository\com\fasterxml\jackson\core\jackson-core\2.10.1\jackson-core-2.10.1.jar;D:\maven\apache-maven-3.6.0\repository\com\fasterxml\jackson\datatype\jackson-datatype-jdk8\2.10.1\jackson-datatype-jdk8-2.10.1.jar;D:\maven\apache-maven-3.6.0\repository\com\fasterxml\jackson\datatype\jackson-datatype-jsr310\2.10.1\jackson-datatype-jsr310-2.10.1.jar;D:\maven\apache-maven-3.6.0\repository\com\fasterxml\jackson\module\jackson-module-parameter-names\2.10.1\jackson-module-parameter-names-2.10.1.jar;D:\maven\apache-maven-3.6.0\repository\org\springframework\boot\spring-boot-starter-tomcat\2.2.2.RELEASE\spring-boot-starter-tomcat-2.2.2.RELEASE.jar;D:\maven\apache-maven-3.6.0\repository\org\apache\tomcat\embed\tomcat-embed-core\9.0.29\tomcat-embed-core-9.0.29.jar;D:\maven\apache-maven-3.6.0\repository\org\apache\tomcat\embed\tomcat-embed-el\9.0.29\tomcat-embed-el-9.0.29.jar;D:\maven\apache-maven-3.6.0\repository\org\apache\tomcat\embed\tomcat-embed-websocket\9.0.29\tomcat-embed-websocket-9.0.29.jar;D:\maven\apache-maven-3.6.0\repository\org\springframework\boot\spring-boot-starter-validation\2.2.2.RELEASE\spring-boot-starter-validation-2.2.2.RELEASE.jar;D:\maven\apache-maven-3.6.0\repository\jakarta\validation\jakarta.validation-api\2.0.1\jakarta.validation-api-2.0.1.jar;D:\maven\apache-maven-3.6.0\repository\org\hibernate\validator\hibernate-validator\6.0.18.Final\hibernate-validator-6.0.18.Final.jar;D:\maven\apache-maven-3.6.0\repository\org\jboss\logging\jboss-logging\3.4.1.Final\jboss-logging-3.4.1.Final.jar;D:\maven\apache-maven-3.6.0\repository\com\fasterxml\classmate\1.5.1\classmate-1.5.1.jar;D:\maven\apache-maven-3.6.0\repository\org\springframework\spring-web\5.2.2.RELEASE\spring-web-5.2.2.RELEASE.jar;D:\maven\apache-maven-3.6.0\repository\org\springframework\spring-beans\5.2.2.RELEASE\spring-beans-5.2.2.RELEASE.jar;D:\maven\apache-maven-3.6.0\repository\org\springframework\spring-webmvc\5.2.2.RELEASE\spring-webmvc-5.2.2.RELEASE.jar;D:\maven\apache-maven-3.6.0\repository\org\springframework\spring-context\5.2.2.RELEASE\spring-context-5.2.2.RELEASE.jar;D:\maven\apache-maven-3.6.0\repository\org\springframework\spring-expression\5.2.2.RELEASE\spring-expression-5.2.2.RELEASE.jar;D:\maven\apache-maven-3.6.0\repository\org\springframework\boot\spring-boot-starter-aop\2.2.2.RELEASE\spring-boot-starter-aop-2.2.2.RELEASE.jar;D:\maven\apache-maven-3.6.0\repository\org\springframework\spring-aop\5.2.2.RELEASE\spring-aop-5.2.2.RELEASE.jar;D:\maven\apache-maven-3.6.0\repository\org\aspectj\aspectjweaver\1.9.5\aspectjweaver-1.9.5.jar;D:\maven\apache-maven-3.6.0\repository\org\springframework\boot\spring-boot-starter-freemarker\2.2.2.RELEASE\spring-boot-starter-freemarker-2.2.2.RELEASE.jar;D:\maven\apache-maven-3.6.0\repository\org\freemarker\freemarker\2.3.29\freemarker-2.3.29.jar;D:\maven\apache-maven-3.6.0\repository\org\springframework\spring-context-support\5.2.2.RELEASE\spring-context-support-5.2.2.RELEASE.jar;D:\maven\apache-maven-3.6.0\repository\org\springframework\boot\spring-boot-starter-test\2.2.2.RELEASE\spring-boot-starter-test-2.2.2.RELEASE.jar;D:\maven\apache-maven-3.6.0\repository\org\springframework\boot\spring-boot-test\2.2.2.RELEASE\spring-boot-test-2.2.2.RELEASE.jar;D:\maven\apache-maven-3.6.0\repository\org\springframework\boot\spring-boot-test-autoconfigure\2.2.2.RELEASE\spring-boot-test-autoconfigure-2.2.2.RELEASE.jar;D:\maven\apache-maven-3.6.0\repository\com\jayway\jsonpath\json-path\2.4.0\json-path-2.4.0.jar;D:\maven\apache-maven-3.6.0\repository\net\minidev\json-smart\2.3\json-smart-2.3.jar;D:\maven\apache-maven-3.6.0\repository\net\minidev\accessors-smart\1.2\accessors-smart-1.2.jar;D:\maven\apache-maven-3.6.0\repository\org\ow2\asm\asm\5.0.4\asm-5.0.4.jar;D:\maven\apache-maven-3.6.0\repository\org\slf4j\slf4j-api\1.7.29\slf4j-api-1.7.29.jar;D:\maven\apache-maven-3.6.0\repository\jakarta\xml\bind\jakarta.xml.bind-api\2.3.2\jakarta.xml.bind-api-2.3.2.jar;D:\maven\apache-maven-3.6.0\repository\jakarta\activation\jakarta.activation-api\1.2.1\jakarta.activation-api-1.2.1.jar;D:\maven\apache-maven-3.6.0\repository\org\junit\jupiter\junit-jupiter\5.5.2\junit-jupiter-5.5.2.jar;D:\maven\apache-maven-3.6.0\repository\org\junit\jupiter\junit-jupiter-api\5.5.2\junit-jupiter-api-5.5.2.jar;D:\maven\apache-maven-3.6.0\repository\org\opentest4j\opentest4j\1.2.0\opentest4j-1.2.0.jar;D:\maven\apache-maven-3.6.0\repository\org\junit\platform\junit-platform-commons\1.5.2\junit-platform-commons-1.5.2.jar;D:\maven\apache-maven-3.6.0\repository\org\junit\jupiter\junit-jupiter-params\5.5.2\junit-jupiter-params-5.5.2.jar;D:\maven\apache-maven-3.6.0\repository\org\junit\jupiter\junit-jupiter-engine\5.5.2\junit-jupiter-engine-5.5.2.jar;D:\maven\apache-maven-3.6.0\repository\org\junit\vintage\junit-vintage-engine\5.5.2\junit-vintage-engine-5.5.2.jar;D:\maven\apache-maven-3.6.0\repository\org\apiguardian\apiguardian-api\1.1.0\apiguardian-api-1.1.0.jar;D:\maven\apache-maven-3.6.0\repository\org\junit\platform\junit-platform-engine\1.5.2\junit-platform-engine-1.5.2.jar;D:\maven\apache-maven-3.6.0\repository\junit\junit\4.12\junit-4.12.jar;D:\maven\apache-maven-3.6.0\repository\org\mockito\mockito-junit-jupiter\3.1.0\mockito-junit-jupiter-3.1.0.jar;D:\maven\apache-maven-3.6.0\repository\org\assertj\assertj-core\3.13.2\assertj-core-3.13.2.jar;D:\maven\apache-maven-3.6.0\repository\org\hamcrest\hamcrest\2.1\hamcrest-2.1.jar;D:\maven\apache-maven-3.6.0\repository\org\mockito\mockito-core\3.1.0\mockito-core-3.1.0.jar;D:\maven\apache-maven-3.6.0\repository\net\bytebuddy\byte-buddy\1.10.4\byte-buddy-1.10.4.jar;D:\maven\apache-maven-3.6.0\repository\net\bytebuddy\byte-buddy-agent\1.10.4\byte-buddy-agent-1.10.4.jar;D:\maven\apache-maven-3.6.0\repository\org\objenesis\objenesis\2.6\objenesis-2.6.jar;D:\maven\apache-maven-3.6.0\repository\org\skyscreamer\jsonassert\1.5.0\jsonassert-1.5.0.jar;D:\maven\apache-maven-3.6.0\repository\com\vaadin\external\google\android-json\0.0.20131108.vaadin1\android-json-0.0.20131108.vaadin1.jar;D:\maven\apache-maven-3.6.0\repository\org\springframework\spring-core\5.2.2.RELEASE\spring-core-5.2.2.RELEASE.jar;D:\maven\apache-maven-3.6.0\repository\org\springframework\spring-jcl\5.2.2.RELEASE\spring-jcl-5.2.2.RELEASE.jar;D:\maven\apache-maven-3.6.0\repository\org\springframework\spring-test\5.2.2.RELEASE\spring-test-5.2.2.RELEASE.jar;D:\maven\apache-maven-3.6.0\repository\org\xmlunit\xmlunit-core\2.6.3\xmlunit-core-2.6.3.jar;D:\maven\apache-maven-3.6.0\repository\org\mybatis\spring\boot\mybatis-spring-boot-starter\2.1.1\mybatis-spring-boot-starter-2.1.1.jar;D:\maven\apache-maven-3.6.0\repository\org\springframework\boot\spring-boot-starter-jdbc\2.2.2.RELEASE\spring-boot-starter-jdbc-2.2.2.RELEASE.jar;D:\maven\apache-maven-3.6.0\repository\com\zaxxer\HikariCP\3.4.1\HikariCP-3.4.1.jar;D:\maven\apache-maven-3.6.0\repository\org\springframework\spring-jdbc\5.2.2.RELEASE\spring-jdbc-5.2.2.RELEASE.jar;D:\maven\apache-maven-3.6.0\repository\org\springframework\spring-tx\5.2.2.RELEASE\spring-tx-5.2.2.RELEASE.jar;D:\maven\apache-maven-3.6.0\repository\org\mybatis\spring\boot\mybatis-spring-boot-autoconfigure\2.1.1\mybatis-spring-boot-autoconfigure-2.1.1.jar;D:\maven\apache-maven-3.6.0\repository\org\mybatis\mybatis\3.5.3\mybatis-3.5.3.jar;D:\maven\apache-maven-3.6.0\repository\org\mybatis\mybatis-spring\2.0.3\mybatis-spring-2.0.3.jar;D:\maven\apache-maven-3.6.0\repository\com\github\pagehelper\pagehelper-spring-boot-starter\1.2.13\pagehelper-spring-boot-starter-1.2.13.jar;D:\maven\apache-maven-3.6.0\repository\com\github\pagehelper\pagehelper-spring-boot-autoconfigure\1.2.13\pagehelper-spring-boot-autoconfigure-1.2.13.jar;D:\maven\apache-maven-3.6.0\repository\com\github\pagehelper\pagehelper\5.1.11\pagehelper-5.1.11.jar;D:\maven\apache-maven-3.6.0\repository\com\github\jsqlparser\jsqlparser\2.0\jsqlparser-2.0.jar;D:\maven\apache-maven-3.6.0\repository\mysql\mysql-connector-java\8.0.18\mysql-connector-java-8.0.18.jar;D:\maven\apache-maven-3.6.0\repository\com\mchange\c3p0\0.9.5.5\c3p0-0.9.5.5.jar;D:\maven\apache-maven-3.6.0\repository\com\mchange\mchange-commons-java\0.2.19\mchange-commons-java-0.2.19.jar;D:\maven\apache-maven-3.6.0\repository\org\apache\commons\commons-lang3\3.5\commons-lang3-3.5.jar;D:\maven\apache-maven-3.6.0\repository\com\alibaba\fastjson\1.2.47\fastjson-1.2.47.jar;"/>
    <property name="java.vm.vendor" value="Oracle Corporation"/>
    <property name="sun.arch.data.model" value="64"/>
    <property name="user.variant" value=""/>
    <property name="java.vendor.url" value="http://java.oracle.com/"/>
    <property name="user.timezone" value="Asia/Shanghai"/>
    <property name="java.vm.specification.version" value="1.8"/>
    <property name="os.name" value="Windows 7"/>
    <property name="user.country" value="CN"/>
    <property name="sun.java.launcher" value="SUN_STANDARD"/>
    <property name="sun.boot.library.path" value="D:\jdk8\jre\bin"/>
    <property name="sun.java.command" value="C:\Users\ADMINI~1\AppData\Local\Temp\surefire6506895898587137553\surefirebooter1449985176773280054.jar C:\Users\Administrator\AppData\Local\Temp\surefire6506895898587137553 2020-09-23T11-07-32_722-jvmRun1 surefire929089382252868737tmp surefire_05491374550315360983tmp"/>
    <property name="surefire.test.class.path" value="F:\crm\002_code\crm\target\test-classes;F:\crm\002_code\crm\target\classes;D:\maven\apache-maven-3.6.0\repository\org\springframework\boot\spring-boot-starter-web\2.2.2.RELEASE\spring-boot-starter-web-2.2.2.RELEASE.jar;D:\maven\apache-maven-3.6.0\repository\org\springframework\boot\spring-boot-starter\2.2.2.RELEASE\spring-boot-starter-2.2.2.RELEASE.jar;D:\maven\apache-maven-3.6.0\repository\org\springframework\boot\spring-boot\2.2.2.RELEASE\spring-boot-2.2.2.RELEASE.jar;D:\maven\apache-maven-3.6.0\repository\org\springframework\boot\spring-boot-autoconfigure\2.2.2.RELEASE\spring-boot-autoconfigure-2.2.2.RELEASE.jar;D:\maven\apache-maven-3.6.0\repository\org\springframework\boot\spring-boot-starter-logging\2.2.2.RELEASE\spring-boot-starter-logging-2.2.2.RELEASE.jar;D:\maven\apache-maven-3.6.0\repository\ch\qos\logback\logback-classic\1.2.3\logback-classic-1.2.3.jar;D:\maven\apache-maven-3.6.0\repository\ch\qos\logback\logback-core\1.2.3\logback-core-1.2.3.jar;D:\maven\apache-maven-3.6.0\repository\org\apache\logging\log4j\log4j-to-slf4j\2.12.1\log4j-to-slf4j-2.12.1.jar;D:\maven\apache-maven-3.6.0\repository\org\apache\logging\log4j\log4j-api\2.12.1\log4j-api-2.12.1.jar;D:\maven\apache-maven-3.6.0\repository\org\slf4j\jul-to-slf4j\1.7.29\jul-to-slf4j-1.7.29.jar;D:\maven\apache-maven-3.6.0\repository\jakarta\annotation\jakarta.annotation-api\1.3.5\jakarta.annotation-api-1.3.5.jar;D:\maven\apache-maven-3.6.0\repository\org\yaml\snakeyaml\1.25\snakeyaml-1.25.jar;D:\maven\apache-maven-3.6.0\repository\org\springframework\boot\spring-boot-starter-json\2.2.2.RELEASE\spring-boot-starter-json-2.2.2.RELEASE.jar;D:\maven\apache-maven-3.6.0\repository\com\fasterxml\jackson\core\jackson-databind\2.10.1\jackson-databind-2.10.1.jar;D:\maven\apache-maven-3.6.0\repository\com\fasterxml\jackson\core\jackson-annotations\2.10.1\jackson-annotations-2.10.1.jar;D:\maven\apache-maven-3.6.0\repository\com\fasterxml\jackson\core\jackson-core\2.10.1\jackson-core-2.10.1.jar;D:\maven\apache-maven-3.6.0\repository\com\fasterxml\jackson\datatype\jackson-datatype-jdk8\2.10.1\jackson-datatype-jdk8-2.10.1.jar;D:\maven\apache-maven-3.6.0\repository\com\fasterxml\jackson\datatype\jackson-datatype-jsr310\2.10.1\jackson-datatype-jsr310-2.10.1.jar;D:\maven\apache-maven-3.6.0\repository\com\fasterxml\jackson\module\jackson-module-parameter-names\2.10.1\jackson-module-parameter-names-2.10.1.jar;D:\maven\apache-maven-3.6.0\repository\org\springframework\boot\spring-boot-starter-tomcat\2.2.2.RELEASE\spring-boot-starter-tomcat-2.2.2.RELEASE.jar;D:\maven\apache-maven-3.6.0\repository\org\apache\tomcat\embed\tomcat-embed-core\9.0.29\tomcat-embed-core-9.0.29.jar;D:\maven\apache-maven-3.6.0\repository\org\apache\tomcat\embed\tomcat-embed-el\9.0.29\tomcat-embed-el-9.0.29.jar;D:\maven\apache-maven-3.6.0\repository\org\apache\tomcat\embed\tomcat-embed-websocket\9.0.29\tomcat-embed-websocket-9.0.29.jar;D:\maven\apache-maven-3.6.0\repository\org\springframework\boot\spring-boot-starter-validation\2.2.2.RELEASE\spring-boot-starter-validation-2.2.2.RELEASE.jar;D:\maven\apache-maven-3.6.0\repository\jakarta\validation\jakarta.validation-api\2.0.1\jakarta.validation-api-2.0.1.jar;D:\maven\apache-maven-3.6.0\repository\org\hibernate\validator\hibernate-validator\6.0.18.Final\hibernate-validator-6.0.18.Final.jar;D:\maven\apache-maven-3.6.0\repository\org\jboss\logging\jboss-logging\3.4.1.Final\jboss-logging-3.4.1.Final.jar;D:\maven\apache-maven-3.6.0\repository\com\fasterxml\classmate\1.5.1\classmate-1.5.1.jar;D:\maven\apache-maven-3.6.0\repository\org\springframework\spring-web\5.2.2.RELEASE\spring-web-5.2.2.RELEASE.jar;D:\maven\apache-maven-3.6.0\repository\org\springframework\spring-beans\5.2.2.RELEASE\spring-beans-5.2.2.RELEASE.jar;D:\maven\apache-maven-3.6.0\repository\org\springframework\spring-webmvc\5.2.2.RELEASE\spring-webmvc-5.2.2.RELEASE.jar;D:\maven\apache-maven-3.6.0\repository\org\springframework\spring-context\5.2.2.RELEASE\spring-context-5.2.2.RELEASE.jar;D:\maven\apache-maven-3.6.0\repository\org\springframework\spring-expression\5.2.2.RELEASE\spring-expression-5.2.2.RELEASE.jar;D:\maven\apache-maven-3.6.0\repository\org\springframework\boot\spring-boot-starter-aop\2.2.2.RELEASE\spring-boot-starter-aop-2.2.2.RELEASE.jar;D:\maven\apache-maven-3.6.0\repository\org\springframework\spring-aop\5.2.2.RELEASE\spring-aop-5.2.2.RELEASE.jar;D:\maven\apache-maven-3.6.0\repository\org\aspectj\aspectjweaver\1.9.5\aspectjweaver-1.9.5.jar;D:\maven\apache-maven-3.6.0\repository\org\springframework\boot\spring-boot-starter-freemarker\2.2.2.RELEASE\spring-boot-starter-freemarker-2.2.2.RELEASE.jar;D:\maven\apache-maven-3.6.0\repository\org\freemarker\freemarker\2.3.29\freemarker-2.3.29.jar;D:\maven\apache-maven-3.6.0\repository\org\springframework\spring-context-support\5.2.2.RELEASE\spring-context-support-5.2.2.RELEASE.jar;D:\maven\apache-maven-3.6.0\repository\org\springframework\boot\spring-boot-starter-test\2.2.2.RELEASE\spring-boot-starter-test-2.2.2.RELEASE.jar;D:\maven\apache-maven-3.6.0\repository\org\springframework\boot\spring-boot-test\2.2.2.RELEASE\spring-boot-test-2.2.2.RELEASE.jar;D:\maven\apache-maven-3.6.0\repository\org\springframework\boot\spring-boot-test-autoconfigure\2.2.2.RELEASE\spring-boot-test-autoconfigure-2.2.2.RELEASE.jar;D:\maven\apache-maven-3.6.0\repository\com\jayway\jsonpath\json-path\2.4.0\json-path-2.4.0.jar;D:\maven\apache-maven-3.6.0\repository\net\minidev\json-smart\2.3\json-smart-2.3.jar;D:\maven\apache-maven-3.6.0\repository\net\minidev\accessors-smart\1.2\accessors-smart-1.2.jar;D:\maven\apache-maven-3.6.0\repository\org\ow2\asm\asm\5.0.4\asm-5.0.4.jar;D:\maven\apache-maven-3.6.0\repository\org\slf4j\slf4j-api\1.7.29\slf4j-api-1.7.29.jar;D:\maven\apache-maven-3.6.0\repository\jakarta\xml\bind\jakarta.xml.bind-api\2.3.2\jakarta.xml.bind-api-2.3.2.jar;D:\maven\apache-maven-3.6.0\repository\jakarta\activation\jakarta.activation-api\1.2.1\jakarta.activation-api-1.2.1.jar;D:\maven\apache-maven-3.6.0\repository\org\junit\jupiter\junit-jupiter\5.5.2\junit-jupiter-5.5.2.jar;D:\maven\apache-maven-3.6.0\repository\org\junit\jupiter\junit-jupiter-api\5.5.2\junit-jupiter-api-5.5.2.jar;D:\maven\apache-maven-3.6.0\repository\org\opentest4j\opentest4j\1.2.0\opentest4j-1.2.0.jar;D:\maven\apache-maven-3.6.0\repository\org\junit\platform\junit-platform-commons\1.5.2\junit-platform-commons-1.5.2.jar;D:\maven\apache-maven-3.6.0\repository\org\junit\jupiter\junit-jupiter-params\5.5.2\junit-jupiter-params-5.5.2.jar;D:\maven\apache-maven-3.6.0\repository\org\junit\jupiter\junit-jupiter-engine\5.5.2\junit-jupiter-engine-5.5.2.jar;D:\maven\apache-maven-3.6.0\repository\org\junit\vintage\junit-vintage-engine\5.5.2\junit-vintage-engine-5.5.2.jar;D:\maven\apache-maven-3.6.0\repository\org\apiguardian\apiguardian-api\1.1.0\apiguardian-api-1.1.0.jar;D:\maven\apache-maven-3.6.0\repository\org\junit\platform\junit-platform-engine\1.5.2\junit-platform-engine-1.5.2.jar;D:\maven\apache-maven-3.6.0\repository\junit\junit\4.12\junit-4.12.jar;D:\maven\apache-maven-3.6.0\repository\org\mockito\mockito-junit-jupiter\3.1.0\mockito-junit-jupiter-3.1.0.jar;D:\maven\apache-maven-3.6.0\repository\org\assertj\assertj-core\3.13.2\assertj-core-3.13.2.jar;D:\maven\apache-maven-3.6.0\repository\org\hamcrest\hamcrest\2.1\hamcrest-2.1.jar;D:\maven\apache-maven-3.6.0\repository\org\mockito\mockito-core\3.1.0\mockito-core-3.1.0.jar;D:\maven\apache-maven-3.6.0\repository\net\bytebuddy\byte-buddy\1.10.4\byte-buddy-1.10.4.jar;D:\maven\apache-maven-3.6.0\repository\net\bytebuddy\byte-buddy-agent\1.10.4\byte-buddy-agent-1.10.4.jar;D:\maven\apache-maven-3.6.0\repository\org\objenesis\objenesis\2.6\objenesis-2.6.jar;D:\maven\apache-maven-3.6.0\repository\org\skyscreamer\jsonassert\1.5.0\jsonassert-1.5.0.jar;D:\maven\apache-maven-3.6.0\repository\com\vaadin\external\google\android-json\0.0.20131108.vaadin1\android-json-0.0.20131108.vaadin1.jar;D:\maven\apache-maven-3.6.0\repository\org\springframework\spring-core\5.2.2.RELEASE\spring-core-5.2.2.RELEASE.jar;D:\maven\apache-maven-3.6.0\repository\org\springframework\spring-jcl\5.2.2.RELEASE\spring-jcl-5.2.2.RELEASE.jar;D:\maven\apache-maven-3.6.0\repository\org\springframework\spring-test\5.2.2.RELEASE\spring-test-5.2.2.RELEASE.jar;D:\maven\apache-maven-3.6.0\repository\org\xmlunit\xmlunit-core\2.6.3\xmlunit-core-2.6.3.jar;D:\maven\apache-maven-3.6.0\repository\org\mybatis\spring\boot\mybatis-spring-boot-starter\2.1.1\mybatis-spring-boot-starter-2.1.1.jar;D:\maven\apache-maven-3.6.0\repository\org\springframework\boot\spring-boot-starter-jdbc\2.2.2.RELEASE\spring-boot-starter-jdbc-2.2.2.RELEASE.jar;D:\maven\apache-maven-3.6.0\repository\com\zaxxer\HikariCP\3.4.1\HikariCP-3.4.1.jar;D:\maven\apache-maven-3.6.0\repository\org\springframework\spring-jdbc\5.2.2.RELEASE\spring-jdbc-5.2.2.RELEASE.jar;D:\maven\apache-maven-3.6.0\repository\org\springframework\spring-tx\5.2.2.RELEASE\spring-tx-5.2.2.RELEASE.jar;D:\maven\apache-maven-3.6.0\repository\org\mybatis\spring\boot\mybatis-spring-boot-autoconfigure\2.1.1\mybatis-spring-boot-autoconfigure-2.1.1.jar;D:\maven\apache-maven-3.6.0\repository\org\mybatis\mybatis\3.5.3\mybatis-3.5.3.jar;D:\maven\apache-maven-3.6.0\repository\org\mybatis\mybatis-spring\2.0.3\mybatis-spring-2.0.3.jar;D:\maven\apache-maven-3.6.0\repository\com\github\pagehelper\pagehelper-spring-boot-starter\1.2.13\pagehelper-spring-boot-starter-1.2.13.jar;D:\maven\apache-maven-3.6.0\repository\com\github\pagehelper\pagehelper-spring-boot-autoconfigure\1.2.13\pagehelper-spring-boot-autoconfigure-1.2.13.jar;D:\maven\apache-maven-3.6.0\repository\com\github\pagehelper\pagehelper\5.1.11\pagehelper-5.1.11.jar;D:\maven\apache-maven-3.6.0\repository\com\github\jsqlparser\jsqlparser\2.0\jsqlparser-2.0.jar;D:\maven\apache-maven-3.6.0\repository\mysql\mysql-connector-java\8.0.18\mysql-connector-java-8.0.18.jar;D:\maven\apache-maven-3.6.0\repository\com\mchange\c3p0\0.9.5.5\c3p0-0.9.5.5.jar;D:\maven\apache-maven-3.6.0\repository\com\mchange\mchange-commons-java\0.2.19\mchange-commons-java-0.2.19.jar;D:\maven\apache-maven-3.6.0\repository\org\apache\commons\commons-lang3\3.5\commons-lang3-3.5.jar;D:\maven\apache-maven-3.6.0\repository\com\alibaba\fastjson\1.2.47\fastjson-1.2.47.jar;"/>
    <property name="sun.cpu.endian" value="little"/>
    <property name="user.home" value="C:\Users\Administrator"/>
    <property name="user.language" value="zh"/>
    <property name="java.specification.vendor" value="Oracle Corporation"/>
    <property name="java.home" value="D:\jdk8\jre"/>
    <property name="basedir" value="F:\crm\002_code\crm"/>
    <property name="file.separator" value="\"/>
    <property name="line.separator" value="&#10;"/>
    <property name="java.vm.specification.vendor" value="Oracle Corporation"/>
    <property name="java.specification.name" value="Java Platform API Specification"/>
    <property name="java.awt.graphicsenv" value="sun.awt.Win32GraphicsEnvironment"/>
    <property name="surefire.real.class.path" value="C:\Users\ADMINI~1\AppData\Local\Temp\surefire6506895898587137553\surefirebooter1449985176773280054.jar"/>
    <property name="sun.boot.class.path" value="D:\jdk8\jre\lib\resources.jar;D:\jdk8\jre\lib\rt.jar;D:\jdk8\jre\lib\sunrsasign.jar;D:\jdk8\jre\lib\jsse.jar;D:\jdk8\jre\lib\jce.jar;D:\jdk8\jre\lib\charsets.jar;D:\jdk8\jre\lib\jfr.jar;D:\jdk8\jre\classes"/>
    <property name="user.script" value=""/>
    <property name="sun.management.compiler" value="HotSpot 64-Bit Tiered Compilers"/>
    <property name="java.runtime.version" value="1.8.0_191-b12"/>
    <property name="user.name" value="Administrator"/>
    <property name="path.separator" value=";"/>
    <property name="os.version" value="6.1"/>
    <property name="java.endorsed.dirs" value="D:\jdk8\jre\lib\endorsed"/>
    <property name="java.runtime.name" value="Java(TM) SE Runtime Environment"/>
    <property name="file.encoding" value="GBK"/>
    <property name="java.vm.name" value="Java HotSpot(TM) 64-Bit Server VM"/>
    <property name="idea.version2020.1" value="true"/>
    <property name="localRepository" value="D:\maven\apache-maven-3.6.0\repository"/>
    <property name="java.vendor.url.bug" value="http://bugreport.sun.com/bugreport/"/>
    <property name="java.io.tmpdir" value="C:\Users\ADMINI~1\AppData\Local\Temp\"/>
    <property name="java.version" value="1.8.0_191"/>
    <property name="user.dir" value="F:\crm\002_code\crm"/>
    <property name="os.arch" value="amd64"/>
    <property name="java.vm.specification.name" value="Java Virtual Machine Specification"/>
    <property name="java.awt.printerjob" value="sun.awt.windows.WPrinterJob"/>
    <property name="sun.os.patch.level" value="Service Pack 1"/>
    <property name="java.library.path" value="D:\jdk8\jre\bin;C:\Windows\Sun\Java\bin;C:\Windows\system32;C:\Windows;D:\xftp\;D:\xshell\;C:\Program Files (x86)\Common Files\Oracle\Java\javapath;C:\Windows\system32;C:\Windows;C:\Windows\System32\Wbem;C:\Windows\System32\WindowsPowerShell\v1.0\;C:\Program Files (x86)\Windows Kits\8.1\Windows Performance Toolkit\;C:\Program Files\Microsoft SQL Server\110\Tools\Binn\;D:\jdk8\bin;ATALINA_HOME%\bin;%CATALINA_HOME%\lib;D:\maven\apache-maven-3.6.0\bin;D:\jdk8\bin;D:\jdk8\jre\bin;D:\maven\apache-maven-3.6.0\bin;D:\GIT 学习\Git\cmd;D:\Nodejs\;D:\VSCode\Microsoft VS Code\bin;D:\Nodejs\node_global;D:\huaweiIDE\DevEco Studio\bin;;."/>
    <property name="java.vm.info" value="mixed mode"/>
    <property name="java.vendor" value="Oracle Corporation"/>
    <property name="java.vm.version" value="25.191-b12"/>
    <property name="java.ext.dirs" value="D:\jdk8\jre\lib\ext;C:\Windows\Sun\Java\lib\ext"/>
    <property name="sun.io.unicode.encoding" value="UnicodeLittle"/>
    <property name="maven.repo.local" value="D:\maven\apache-maven-3.6.0\repository"/>
    <property name="java.class.version" value="52.0"/>
  </properties>
  <testcase name="testUser" classname="com.xxxx.crm.dao.PermissionMapperTest" time="0.028">
    <error message="客户不存在" type="com.xxxx.crm.exceptions.ParamsException">com.xxxx.crm.exceptions.ParamsException: 客户不存在
	at com.xxxx.crm.dao.PermissionMapperTest.testUser(PermissionMapperTest.java:35)
</error>
    <system-out><![CDATA[2020-09-23 11:07:54.217 DEBUG 4340 --- [           main] c.x.c.d.C.querryCustomByName             : ==>  Preparing: select id, khno, name, area, cus_manager, level, myd, xyd, address, post_code, phone, fax, web_site, yyzzch, fr, zczj, nyye, khyh, khzh, dsdjh, gsdjh, state, is_valid, create_date, update_date from t_customer where is_valid=1 and state=0 and name=? 
2020-09-23 11:07:54.218 DEBUG 4340 --- [           main] c.x.c.d.C.querryCustomByName             : ==> Parameters: 张1(String)
2020-09-23 11:07:54.310 DEBUG 4340 --- [           main] c.x.c.d.C.querryCustomByName             : <==      Total: 0
]]></system-out>
  </testcase>
</testsuite>